#
# There is insufficient memory for the Java Runtime Environment to continue.
# Native memory allocation (malloc) failed to allocate 1048576 bytes for AllocateHeap
# Possible reasons:
#   The system is out of physical RAM or swap space
#   The process is running with CompressedOops enabled, and the Java Heap may be blocking the growth of the native heap
# Possible solutions:
#   Reduce memory load on the system
#   Increase physical memory or swap space
#   Check if swap backing store is full
#   Decrease Java heap size (-Xmx/-Xms)
#   Decrease number of Java threads
#   Decrease Java thread stack sizes (-Xss)
#   Set larger code cache with -XX:ReservedCodeCacheSize=
#   JVM is running with Unscaled Compressed Oops mode in which the Java heap is
#     placed in the first 4GB address space. The Java Heap base address is the
#     maximum limit for the native heap growth. Please use -XX:HeapBaseMinAddress
#     to set the Java Heap base and to place the Java Heap above 4GB virtual address.
# This output file may be truncated or incomplete.
#
#  Out of Memory Error (allocation.cpp:44), pid=42940, tid=45672
#
# JRE version:  (17.0.7+8) (build )
# Java VM: Java HotSpot(TM) 64-Bit Server VM (17.0.7+8-LTS-224, mixed mode, sharing, tiered, compressed oops, compressed class ptrs, g1 gc, windows-amd64)
# No core dump will be written. Minidumps are not enabled by default on client versions of Windows
#

---------------  S U M M A R Y ------------

Command Line: -Xmx64m -Xms64m -Dorg.gradle.appname=gradlew org.gradle.wrapper.GradleWrapperMain app:installDebug -PreactNativeDevServerPort=8081

Host: 11th Gen Intel(R) Core(TM) i5-1135G7 @ 2.40GHz, 8 cores, 11G,  Windows 11 , 64 bit Build 26100 (10.0.26100.3323)
Time: Tue Mar 11 22:23:59 2025 SE Asia Standard Time elapsed time: 7.852829 seconds (0d 0h 0m 7s)

---------------  T H R E A D  ---------------

Current thread (0x0000029442343cc0):  JavaThread "Unknown thread" [_thread_in_vm, id=45672, stack(0x000000f8e0e00000,0x000000f8e0f00000)]

Stack: [0x000000f8e0e00000,0x000000f8e0f00000]
Native frames: (J=compiled Java code, j=interpreted, Vv=VM code, C=native code)
V  [jvm.dll+0x676a4a]
V  [jvm.dll+0x7d74f4]
V  [jvm.dll+0x7d8c9e]
V  [jvm.dll+0x7d9303]
V  [jvm.dll+0x2452c5]
V  [jvm.dll+0xa50a3]
V  [jvm.dll+0x2d5787]
V  [jvm.dll+0x7a8f7c]
V  [jvm.dll+0x3670e1]
V  [jvm.dll+0x788359]
V  [jvm.dll+0x3ea5ef]
V  [jvm.dll+0x3ec071]
C  [jli.dll+0x5297]
C  [ucrtbase.dll+0x37b0]
C  [KERNEL32.DLL+0x2e8d7]
C  [ntdll.dll+0xbbf6c]


---------------  P R O C E S S  ---------------

Threads class SMR info:
_java_thread_list=0x00007ff9b9c54998, length=0, elements={
}

Java Threads: ( => current thread )

Other Threads:

=>0x0000029442343cc0 (exited) JavaThread "Unknown thread" [_thread_in_vm, id=45672, stack(0x000000f8e0e00000,0x000000f8e0f00000)]

Threads with active compile tasks:

VM state: not at safepoint (not fully initialized)

VM Mutex/Monitor currently owned by a thread: None

Heap address: 0x0000000000000000, size: 0 MB, Compressed Oops mode: 32-bit

CDS archive(s) mapped at: [0x0000000000000000-0x0000000000000000-0x0000000000000000), size 0, SharedBaseAddress: 0x0000000800000000, ArchiveRelocationMode: 0.
Narrow klass base: 0x0000000000000000, Narrow klass shift: 0, Narrow klass range: 0x0

GC Precious Log:
<Empty>

GC Heap History (0 events):
No events

Deoptimization events (0 events):
No events

Classes unloaded (0 events):
No events

Classes redefined (0 events):
No events

Internal exceptions (0 events):
No events

VM Operations (0 events):
No events

Events (1 events):
Event: 2.648 Loaded shared library C:\Program Files\Java\jdk-17\bin\java.dll


Dynamic libraries:
0x00007ff7cd1b0000 - 0x00007ff7cd1c0000 	C:\Program Files\Java\jdk-17\bin\java.exe
0x00007ffa57660000 - 0x00007ffa578c3000 	C:\WINDOWS\SYSTEM32\ntdll.dll
0x00007ffa574b0000 - 0x00007ffa57577000 	C:\WINDOWS\System32\KERNEL32.DLL
0x00007ffa54ea0000 - 0x00007ffa55269000 	C:\WINDOWS\System32\KERNELBASE.dll
0x00007ffa54860000 - 0x00007ffa549ac000 	C:\WINDOWS\System32\ucrtbase.dll
0x00007ffa177e0000 - 0x00007ffa177f9000 	C:\Program Files\Java\jdk-17\bin\jli.dll
0x00007ffa56ec0000 - 0x00007ffa56f72000 	C:\WINDOWS\System32\ADVAPI32.dll
0x00007ffa57400000 - 0x00007ffa574a9000 	C:\WINDOWS\System32\msvcrt.dll
0x00007ffa56de0000 - 0x00007ffa56e86000 	C:\WINDOWS\System32\sechost.dll
0x00007ffa287f0000 - 0x00007ffa2880b000 	C:\Program Files\Java\jdk-17\bin\VCRUNTIME140.dll
0x00007ffa561b0000 - 0x00007ffa562c6000 	C:\WINDOWS\System32\RPCRT4.dll
0x00007ffa57160000 - 0x00007ffa5732a000 	C:\WINDOWS\System32\USER32.dll
0x00007ffa55310000 - 0x00007ffa55337000 	C:\WINDOWS\System32\win32u.dll
0x00007ffa3bc00000 - 0x00007ffa3be90000 	C:\WINDOWS\WinSxS\amd64_microsoft.windows.common-controls_6595b64144ccf1df_6.0.26100.3323_none_3e088096e3344490\COMCTL32.dll
0x00007ffa55fe0000 - 0x00007ffa5600a000 	C:\WINDOWS\System32\GDI32.dll
0x00007ffa55340000 - 0x00007ffa55471000 	C:\WINDOWS\System32\gdi32full.dll
0x00007ffa54df0000 - 0x00007ffa54e93000 	C:\WINDOWS\System32\msvcp_win.dll
0x00007ffa44180000 - 0x00007ffa4418b000 	C:\WINDOWS\SYSTEM32\VERSION.dll
0x00007ffa562d0000 - 0x00007ffa562ff000 	C:\WINDOWS\System32\IMM32.DLL
0x00007ffa4c3b0000 - 0x00007ffa4c3bc000 	C:\Program Files\Java\jdk-17\bin\vcruntime140_1.dll
0x00007ff9c3640000 - 0x00007ff9c36ce000 	C:\Program Files\Java\jdk-17\bin\msvcp140.dll
0x00007ff9b91a0000 - 0x00007ff9b9d7d000 	C:\Program Files\Java\jdk-17\bin\server\jvm.dll
0x00007ffa57580000 - 0x00007ffa57588000 	C:\WINDOWS\System32\PSAPI.DLL
0x00007ffa27dd0000 - 0x00007ffa27dda000 	C:\WINDOWS\SYSTEM32\WSOCK32.dll
0x00007ffa55f60000 - 0x00007ffa55fd4000 	C:\WINDOWS\System32\WS2_32.dll
0x00007ffa48aa0000 - 0x00007ffa48ad6000 	C:\WINDOWS\SYSTEM32\WINMM.dll
0x00007ffa53680000 - 0x00007ffa5369a000 	C:\WINDOWS\SYSTEM32\kernel.appcore.dll
0x00007ffa287e0000 - 0x00007ffa287ea000 	C:\Program Files\Java\jdk-17\bin\jimage.dll
0x00007ffa52020000 - 0x00007ffa52261000 	C:\WINDOWS\SYSTEM32\DBGHELP.DLL
0x00007ffa55a00000 - 0x00007ffa55d82000 	C:\WINDOWS\System32\combase.dll
0x00007ffa56d00000 - 0x00007ffa56dd6000 	C:\WINDOWS\System32\OLEAUT32.dll
0x00007ffa38d60000 - 0x00007ffa38d99000 	C:\WINDOWS\SYSTEM32\dbgcore.DLL
0x00007ffa55270000 - 0x00007ffa55309000 	C:\WINDOWS\System32\bcryptPrimitives.dll
0x00007ffa11db0000 - 0x00007ffa11dd5000 	C:\Program Files\Java\jdk-17\bin\java.dll

dbghelp: loaded successfully - version: 4.0.5 - missing functions: none
symbol engine: initialized successfully - sym options: 0x614 - pdb path: .;C:\Program Files\Java\jdk-17\bin;C:\WINDOWS\SYSTEM32;C:\WINDOWS\WinSxS\amd64_microsoft.windows.common-controls_6595b64144ccf1df_6.0.26100.3323_none_3e088096e3344490;C:\Program Files\Java\jdk-17\bin\server

VM Arguments:
jvm_args: -Xmx64m -Xms64m -Dorg.gradle.appname=gradlew 
java_command: org.gradle.wrapper.GradleWrapperMain app:installDebug -PreactNativeDevServerPort=8081
java_class_path (initial): D:\PR_FE_BE\MetaChat\android\\gradle\wrapper\gradle-wrapper.jar
Launcher Type: SUN_STANDARD

[Global flags]
     intx CICompilerCount                          = 4                                         {product} {ergonomic}
     uint ConcGCThreads                            = 2                                         {product} {ergonomic}
     uint G1ConcRefinementThreads                  = 8                                         {product} {ergonomic}
   size_t G1HeapRegionSize                         = 1048576                                   {product} {ergonomic}
    uintx GCDrainStackTargetSize                   = 64                                        {product} {ergonomic}
   size_t InitialHeapSize                          = 67108864                                  {product} {command line}
   size_t MarkStackSize                            = 4194304                                   {product} {ergonomic}
   size_t MaxHeapSize                              = 67108864                                  {product} {command line}
   size_t MinHeapDeltaBytes                        = 1048576                                   {product} {ergonomic}
   size_t MinHeapSize                              = 67108864                                  {product} {command line}
    uintx NonNMethodCodeHeapSize                   = 5839372                                {pd product} {ergonomic}
    uintx NonProfiledCodeHeapSize                  = 122909434                              {pd product} {ergonomic}
    uintx ProfiledCodeHeapSize                     = 122909434                              {pd product} {ergonomic}
    uintx ReservedCodeCacheSize                    = 251658240                              {pd product} {ergonomic}
     bool SegmentedCodeCache                       = true                                      {product} {ergonomic}
   size_t SoftMaxHeapSize                          = 67108864                               {manageable} {ergonomic}
     bool UseCompressedClassPointers               = true                           {product lp64_product} {ergonomic}
     bool UseCompressedOops                        = true                           {product lp64_product} {ergonomic}
     bool UseG1GC                                  = true                                      {product} {ergonomic}
     bool UseLargePagesIndividualAllocation        = false                                  {pd product} {ergonomic}

Logging:
Log output configuration:
 #0: stdout all=warning uptime,level,tags
 #1: stderr all=off uptime,level,tags

Environment Variables:
JAVA_HOME=C:\Program Files\Java\jdk-17
CLASSPATH=D:\PR_FE_BE\MetaChat\android\\gradle\wrapper\gradle-wrapper.jar
PATH=D:\PR_FE_BE\MetaChat\node_modules\.bin;D:\PR_FE_BE\MetaChat\node_modules\.bin;D:\PR_FE_BE\node_modules\.bin;D:\node_modules\.bin;C:\Users\levan\AppData\Roaming\nvm\v20.18.2\node_modules\npm\node_modules\@npmcli\run-script\lib\node-gyp-bin;D:\PR_FE_BE\MetaChat\node_modules\.bin;D:\PR_FE_BE\node_modules\.bin;D:\node_modules\.bin;C:\Users\levan\AppData\Roaming\nvm\v20.18.2\node_modules\npm\node_modules\@npmcli\run-script\lib\node-gyp-bin;c:\Users\levan\AppData\Local\Programs\cursor\resources\app\bin;C:\Program Files\Common Files\Oracle\Java\javapath;C:\WINDOWS\system32;C:\WINDOWS;C:\WINDOWS\System32\Wbem;C:\WINDOWS\System32\WindowsPowerShell\v1.0\;C:\WINDOWS\System32\OpenSSH\;c:\Users\levan\AppData\Local\Programs\cursor\resources\app\bin;C:\Program Files\Microsoft SQL Server\130\Tools\Binn\;C:\Program Files\Microsoft SQL Server\Client SDK\ODBC\170\Tools\Binn\;C:\Users\levan\AppData\Roaming\nvm;C:\Program Files\nodejs;C:\Program Files\Git\cmd;C:\Program Files (x86)\Microsoft SQL Server\150\Tools\Binn\;C:\Program Files\Microsoft SQL Server\150\Tools\Binn\;C:\Program Files\Microsoft SQL Server\150\DTS\Binn\;C:\Program Files (x86)\Microsoft SQL Server\160\DTS\Binn\;C:\Program Files (x86)\Microsoft SQL Server\110\DTS\Binn\;C:\Program Files (x86)\Microsoft SQL Server\120\DTS\Binn\;C:\Program Files (x86)\Microsoft SQL Server\130\DTS\Binn\;C:\Program Files (x86)\Microsoft SQL Server\140\DTS\Binn\;C:\Program Files (x86)\Microsoft SQL Server\150\DTS\Bi;C:\Program Files\Go\bin;C:\Program Files\Docker\Docker\resources\bin;C:\Users\levan\AppData\Local\Android\Sdk\tools;C:\Users\levan\.console-ninja\.bin;C:\Users\levan\AppData\Local\Programs\Python\Launcher\;C:\Users\levan\AppData\Local\Microsoft\WindowsApps;C:\Users\levan\AppData\Roaming\npm;C:\Users\levan\AppData\Roaming\nvm;C:\Users\levan\AppData\Local\Android\Sdk\platform-tools;C:\Program Files\Java\jdk1.7.0_09\bin;C:\Users\levan\ffmpeg\bin;C:\Users\levan\AppData\Roaming\nvm;C:\Program Files\nodejs;;C:\Users\levan\AppData\Loca
USERNAME=levan
LANG=en_US.UTF-8
OS=Windows_NT
PROCESSOR_IDENTIFIER=Intel64 Family 6 Model 140 Stepping 1, GenuineIntel



---------------  S Y S T E M  ---------------

OS:
 Windows 11 , 64 bit Build 26100 (10.0.26100.3323)
OS uptime: 3 days 23:34 hours
Hyper-V role detected

CPU: total 8 (initial active 8) (4 cores per cpu, 2 threads per core) family 6 model 140 stepping 1 microcode 0x86, cx8, cmov, fxsr, ht, mmx, 3dnowpref, sse, sse2, sse3, ssse3, sse4.1, sse4.2, popcnt, lzcnt, tsc, tscinvbit, avx, avx2, aes, erms, clmul, bmi1, bmi2, adx, avx512f, avx512dq, avx512cd, avx512bw, avx512vl, sha, fma, vzeroupper, avx512_vpopcntdq, avx512_vpclmulqdq, avx512_vaes, avx512_vnni, clflush, clflushopt, clwb, avx512_vbmi2, avx512_vbmi, hv

Memory: 4k page, system-wide physical 11982M (730M free)
TotalPageFile size 41982M (AvailPageFile size 1405M)
current process WorkingSet (physical memory assigned to process): 11M, peak: 11M
current process commit charge ("private bytes"): 11M, peak: 12M

vm_info: Java HotSpot(TM) 64-Bit Server VM (17.0.7+8-LTS-224) for windows-amd64 JRE (17.0.7+8-LTS-224), built on Feb 28 2023 23:03:02 by "mach5one" with MS VC++ 17.1 (VS2022)

END.
